Using pre-set license
Built from '2020.3/staging' branch; Version is '2020.3.22f1 (e1a7f79fd887) revision 14788599'; Using compiler version '192528614'; Build Type 'Release'
OS: 'Windows 10 Enterprise; OS build 19042.1348; Version 2009; 64bit' Language: 'en' Physical Memory: 7895 MB
BatchMode: 1, IsHumanControllingUs: 0, StartBugReporterOnCrash: 0, Is64bit: 1, IsPro: 0

COMMAND LINE ARGUMENTS:
D:\Unity\2020.3.22f1\Editor\Unity.exe
-adb2
-batchMode
-noUpm
-name
AssetImportWorker0
-projectPath
D:/Unity Projects/HorrorProject/HorrorProject
-logFile
Logs/AssetImportWorker0.log
-srvPort
6741
Successfully changed project path to: D:/Unity Projects/HorrorProject/HorrorProject
D:/Unity Projects/HorrorProject/HorrorProject
Using Asset Import Pipeline V2.
Refreshing native plugins compatible for Editor in 78.11 ms, found 2 plugins.
Preloading 0 native plugins for Editor in 0.00 ms.
Initialize engine version: 2020.3.22f1 (e1a7f79fd887)
[Subsystems] Discovering subsystems at path D:/Unity/2020.3.22f1/Editor/Data/Resources/UnitySubsystems
[Subsystems] Discovering subsystems at path D:/Unity Projects/HorrorProject/HorrorProject/Assets
GfxDevice: creating device client; threaded=0
Direct3D:
    Version:  Direct3D 11.0 [level 11.0]
    Renderer: Intel(R) HD Graphics (ID=0x152)
    Vendor:   
    VRAM:     224 MB
    Driver:   10.18.10.5161
Initialize mono
Mono path[0] = 'D:/Unity/2020.3.22f1/Editor/Data/Managed'
Mono path[1] = 'D:/Unity/2020.3.22f1/Editor/Data/MonoBleedingEdge/lib/mono/unityjit'
Mono config path = 'D:/Unity/2020.3.22f1/Editor/Data/MonoBleedingEdge/etc'
Using monoOptions --debugger-agent=transport=dt_socket,embedding=1,server=y,suspend=n,address=127.0.0.1:56280
Begin MonoManager ReloadAssembly
Registering precompiled unity dll's ...
Register platform support module: D:/Unity/2020.3.22f1/Editor/Data/PlaybackEngines/WindowsStandaloneSupport/UnityEditor.WindowsStandalone.Extensions.dll
Registered in 0.001495 seconds.
Native extension for WindowsStandalone target not found
Refreshing native plugins compatible for Editor in 76.08 ms, found 2 plugins.
Preloading 0 native plugins for Editor in 0.00 ms.
Mono: successfully reloaded assembly
- Completed reload, in  1.343 seconds
Domain Reload Profiling:
	ReloadAssembly (1344ms)
		BeginReloadAssembly (73ms)
			ExecutionOrderSort (0ms)
			DisableScriptedObjects (0ms)
			BackupInstance (0ms)
			ReleaseScriptingObjects (0ms)
			CreateAndSetChildDomain (2ms)
		EndReloadAssembly (683ms)
			LoadAssemblies (71ms)
			RebuildTransferFunctionScriptingTraits (0ms)
			SetupTypeCache (230ms)
			ReleaseScriptCaches (0ms)
			RebuildScriptCaches (48ms)
			SetupLoadedEditorAssemblies (269ms)
				LogAssemblyErrors (0ms)
				InitializePlatformSupportModulesInManaged (7ms)
				SetLoadedEditorAssemblies (0ms)
				RefreshPlugins (76ms)
				BeforeProcessingInitializeOnLoad (24ms)
				ProcessInitializeOnLoadAttributes (119ms)
				ProcessInitializeOnLoadMethodAttributes (41ms)
				AfterProcessingInitializeOnLoad (0ms)
				EditorAssembliesLoaded (0ms)
			ExecutionOrderSort2 (0ms)
			AwakeInstancesAfterBackupRestoration (0ms)
Platform modules already initialized, skipping
Registering precompiled user dll's ...
Registered in 0.004776 seconds.
Begin MonoManager ReloadAssembly
Native extension for WindowsStandalone target not found
Refreshing native plugins compatible for Editor in 97.82 ms, found 2 plugins.
Preloading 0 native plugins for Editor in 0.00 ms.
Mono: successfully reloaded assembly
- Completed reload, in  1.923 seconds
Domain Reload Profiling:
	ReloadAssembly (1925ms)
		BeginReloadAssembly (213ms)
			ExecutionOrderSort (0ms)
			DisableScriptedObjects (7ms)
			BackupInstance (0ms)
			ReleaseScriptingObjects (0ms)
			CreateAndSetChildDomain (26ms)
		EndReloadAssembly (1629ms)
			LoadAssemblies (141ms)
			RebuildTransferFunctionScriptingTraits (0ms)
			SetupTypeCache (532ms)
			ReleaseScriptCaches (1ms)
			RebuildScriptCaches (78ms)
			SetupLoadedEditorAssemblies (675ms)
				LogAssemblyErrors (0ms)
				InitializePlatformSupportModulesInManaged (6ms)
				SetLoadedEditorAssemblies (0ms)
				RefreshPlugins (98ms)
				BeforeProcessingInitializeOnLoad (124ms)
				ProcessInitializeOnLoadAttributes (425ms)
				ProcessInitializeOnLoadMethodAttributes (15ms)
				AfterProcessingInitializeOnLoad (6ms)
				EditorAssembliesLoaded (1ms)
			ExecutionOrderSort2 (0ms)
			AwakeInstancesAfterBackupRestoration (13ms)
Platform modules already initialized, skipping
========================================================================
Worker process is ready to serve import requests
Launched and connected shader compiler UnityShaderCompiler.exe after 0.26 seconds
Refreshing native plugins compatible for Editor in 1.11 ms, found 2 plugins.
Preloading 0 native plugins for Editor in 0.00 ms.
Unloading 2793 Unused Serialized files (Serialized files now loaded: 0)
System memory in use before: 126.1 MB.
System memory in use after: 126.3 MB.

Unloading 20 unused Assets to reduce memory usage. Loaded Objects now: 3230.
Total: 4.537900 ms (FindLiveObjects: 0.283600 ms CreateObjectMapping: 0.144500 ms MarkObjects: 3.977000 ms  DeleteObjects: 0.130500 ms)

AssetImportParameters requested are different than current active one (requested -> active):
  custom:framework-win-MediaFoundation: 216162199b28c13a410421893ffa2e32 -> 
  custom:video-decoder-ogg-theora: a1e56fd34408186e4bbccfd4996cb3dc -> 
  custom:container-muxer-webm: aa71ff27fc2769a1b78a27578f13a17b -> 
  custom:container-demuxer-webm: 4f35f7cbe854078d1ac9338744f61a02 -> 
  custom:container-demuxer-ogg: 62fdf1f143b41e24485cea50d1cbac27 -> 
  custom:video-encoder-webm-vp8: eb34c28f22e8b96e1ab97ce403110664 -> 
  custom:video-decoder-webm-vp8: 9c59270c3fd7afecdb556c50c9e8de78 -> 
  custom:audio-decoder-ogg-vorbis: bf7c407c2cedff20999df2af8eb42d56 -> 
  custom:audio-encoder-webm-vorbis: bf7c407c2cedff20999df2af8eb42d56 -> 
========================================================================
Received Import Request.
  path: Assets/Settings/UniversalRP-HighQuality.asset
  artifactKey: Guid(19ba41d7c0026c3459d37c2fe90c55a0) Importer(815301076,1909f56bfc062723c751e8b465ee728b)
Start importing Assets/Settings/UniversalRP-HighQuality.asset using Guid(19ba41d7c0026c3459d37c2fe90c55a0) Importer(815301076,1909f56bfc062723c751e8b465ee728b)  -> (artifact id: '3ee1128b99df39653b78562218d77b9b') in 0.169468 seconds 
  Import took 0.261033 seconds .

========================================================================
Received Import Request.
  Time since last request: 81.164880 seconds.
  path: Assets/Settings/UniversalRP-HighQuality.asset
  artifactKey: Guid(19ba41d7c0026c3459d37c2fe90c55a0) Importer(815301076,1909f56bfc062723c751e8b465ee728b)
Start importing Assets/Settings/UniversalRP-HighQuality.asset using Guid(19ba41d7c0026c3459d37c2fe90c55a0) Importer(815301076,1909f56bfc062723c751e8b465ee728b)  -> (artifact id: '445c707fdb03d11e70cc668f26b67c17') in 0.006831 seconds 
  Import took 0.037694 seconds .

========================================================================
Received Prepare
Registering precompiled user dll's ...
Registered in 0.005002 seconds.
Begin MonoManager ReloadAssembly
Native extension for WindowsStandalone target not found
Refreshing native plugins compatible for Editor in 1.22 ms, found 2 plugins.
Preloading 0 native plugins for Editor in 0.00 ms.
Mono: successfully reloaded assembly
- Completed reload, in  1.764 seconds
Domain Reload Profiling:
	ReloadAssembly (1765ms)
		BeginReloadAssembly (169ms)
			ExecutionOrderSort (0ms)
			DisableScriptedObjects (7ms)
			BackupInstance (0ms)
			ReleaseScriptingObjects (0ms)
			CreateAndSetChildDomain (56ms)
		EndReloadAssembly (1501ms)
			LoadAssemblies (132ms)
			RebuildTransferFunctionScriptingTraits (0ms)
			SetupTypeCache (543ms)
			ReleaseScriptCaches (3ms)
			RebuildScriptCaches (91ms)
			SetupLoadedEditorAssemblies (542ms)
				LogAssemblyErrors (0ms)
				InitializePlatformSupportModulesInManaged (6ms)
				SetLoadedEditorAssemblies (2ms)
				RefreshPlugins (1ms)
				BeforeProcessingInitializeOnLoad (142ms)
				ProcessInitializeOnLoadAttributes (374ms)
				ProcessInitializeOnLoadMethodAttributes (13ms)
				AfterProcessingInitializeOnLoad (4ms)
				EditorAssembliesLoaded (0ms)
			ExecutionOrderSort2 (0ms)
			AwakeInstancesAfterBackupRestoration (16ms)
Platform modules already initialized, skipping
Refreshing native plugins compatible for Editor in 1.20 ms, found 2 plugins.
Preloading 0 native plugins for Editor in 0.00 ms.
Unloading 2685 Unused Serialized files (Serialized files now loaded: 0)
System memory in use before: 119.0 MB.
System memory in use after: 119.2 MB.

Unloading 15 unused Assets to reduce memory usage. Loaded Objects now: 3233.
Total: 4.707300 ms (FindLiveObjects: 0.286000 ms CreateObjectMapping: 0.134300 ms MarkObjects: 4.246900 ms  DeleteObjects: 0.038000 ms)

AssetImportParameters requested are different than current active one (requested -> active):
  custom:framework-win-MediaFoundation: 216162199b28c13a410421893ffa2e32 -> 
  custom:video-decoder-ogg-theora: a1e56fd34408186e4bbccfd4996cb3dc -> 
  custom:container-muxer-webm: aa71ff27fc2769a1b78a27578f13a17b -> 
  custom:container-demuxer-webm: 4f35f7cbe854078d1ac9338744f61a02 -> 
  custom:container-demuxer-ogg: 62fdf1f143b41e24485cea50d1cbac27 -> 
  custom:video-encoder-webm-vp8: eb34c28f22e8b96e1ab97ce403110664 -> 
  custom:video-decoder-webm-vp8: 9c59270c3fd7afecdb556c50c9e8de78 -> 
  custom:audio-decoder-ogg-vorbis: bf7c407c2cedff20999df2af8eb42d56 -> 
  custom:audio-encoder-webm-vorbis: bf7c407c2cedff20999df2af8eb42d56 -> 
========================================================================
Received Prepare
Registering precompiled user dll's ...
Registered in 0.005624 seconds.
Begin MonoManager ReloadAssembly
Native extension for WindowsStandalone target not found
Refreshing native plugins compatible for Editor in 0.72 ms, found 2 plugins.
Preloading 0 native plugins for Editor in 0.00 ms.
Mono: successfully reloaded assembly
- Completed reload, in  1.692 seconds
Domain Reload Profiling:
	ReloadAssembly (1692ms)
		BeginReloadAssembly (165ms)
			ExecutionOrderSort (0ms)
			DisableScriptedObjects (7ms)
			BackupInstance (0ms)
			ReleaseScriptingObjects (0ms)
			CreateAndSetChildDomain (61ms)
		EndReloadAssembly (1434ms)
			LoadAssemblies (127ms)
			RebuildTransferFunctionScriptingTraits (0ms)
			SetupTypeCache (496ms)
			ReleaseScriptCaches (2ms)
			RebuildScriptCaches (91ms)
			SetupLoadedEditorAssemblies (533ms)
				LogAssemblyErrors (0ms)
				InitializePlatformSupportModulesInManaged (6ms)
				SetLoadedEditorAssemblies (1ms)
				RefreshPlugins (1ms)
				BeforeProcessingInitializeOnLoad (117ms)
				ProcessInitializeOnLoadAttributes (392ms)
				ProcessInitializeOnLoadMethodAttributes (14ms)
				AfterProcessingInitializeOnLoad (3ms)
				EditorAssembliesLoaded (0ms)
			ExecutionOrderSort2 (0ms)
			AwakeInstancesAfterBackupRestoration (18ms)
Platform modules already initialized, skipping
Refreshing native plugins compatible for Editor in 1.15 ms, found 2 plugins.
Preloading 0 native plugins for Editor in 0.00 ms.
Unloading 2684 Unused Serialized files (Serialized files now loaded: 0)
System memory in use before: 119.0 MB.
System memory in use after: 119.2 MB.

Unloading 15 unused Assets to reduce memory usage. Loaded Objects now: 3235.
Total: 5.069200 ms (FindLiveObjects: 0.542100 ms CreateObjectMapping: 0.176700 ms MarkObjects: 4.304900 ms  DeleteObjects: 0.042900 ms)

AssetImportParameters requested are different than current active one (requested -> active):
  custom:framework-win-MediaFoundation: 216162199b28c13a410421893ffa2e32 -> 
  custom:video-decoder-ogg-theora: a1e56fd34408186e4bbccfd4996cb3dc -> 
  custom:container-muxer-webm: aa71ff27fc2769a1b78a27578f13a17b -> 
  custom:container-demuxer-webm: 4f35f7cbe854078d1ac9338744f61a02 -> 
  custom:container-demuxer-ogg: 62fdf1f143b41e24485cea50d1cbac27 -> 
  custom:video-encoder-webm-vp8: eb34c28f22e8b96e1ab97ce403110664 -> 
  custom:video-decoder-webm-vp8: 9c59270c3fd7afecdb556c50c9e8de78 -> 
  custom:audio-decoder-ogg-vorbis: bf7c407c2cedff20999df2af8eb42d56 -> 
  custom:audio-encoder-webm-vorbis: bf7c407c2cedff20999df2af8eb42d56 -> 
========================================================================
Received Import Request.
  Time since last request: 1743.715802 seconds.
  path: Assets/PSX/PSX Volume.asset
  artifactKey: Guid(5887ba8d97716a643bba8f150fe21965) Importer(815301076,1909f56bfc062723c751e8b465ee728b)
Start importing Assets/PSX/PSX Volume.asset using Guid(5887ba8d97716a643bba8f150fe21965) Importer(815301076,1909f56bfc062723c751e8b465ee728b)  -> (artifact id: 'da193f2703f6d619ac0fd446f4a8be26') in 0.052158 seconds 
  Import took 0.087216 seconds .

========================================================================
Received Import Request.
  Time since last request: 1.943547 seconds.
  path: Assets/FBX/Paintings/Paintings.fbx
  artifactKey: Guid(2db8aa738e7bc55449ca2d73c2081dbb) Importer(815301076,1909f56bfc062723c751e8b465ee728b)
Start importing Assets/FBX/Paintings/Paintings.fbx using Guid(2db8aa738e7bc55449ca2d73c2081dbb) Importer(815301076,1909f56bfc062723c751e8b465ee728b)  -> (artifact id: '2576f605c9b1e1f54fb579f1d6444e06') in 1.139154 seconds 
  Import took 1.161479 seconds .

========================================================================
Received Import Request.
  Time since last request: 1.581727 seconds.
  path: Assets/FBX/Paintings
  artifactKey: Guid(a599f509759f8ee4da8eeeb44d3b82e1) Importer(815301076,1909f56bfc062723c751e8b465ee728b)
Start importing Assets/FBX/Paintings using Guid(a599f509759f8ee4da8eeeb44d3b82e1) Importer(815301076,1909f56bfc062723c751e8b465ee728b)  -> (artifact id: '052f1c1b8968b0d365aba7f73c9e77dd') in 0.003626 seconds 
  Import took 0.028503 seconds .

========================================================================
Received Import Request.
  Time since last request: 3.509887 seconds.
  path: Assets/FBX/Paintings/Materials
  artifactKey: Guid(875f266920f229d42a60142e12ae0062) Importer(815301076,1909f56bfc062723c751e8b465ee728b)
Start importing Assets/FBX/Paintings/Materials using Guid(875f266920f229d42a60142e12ae0062) Importer(815301076,1909f56bfc062723c751e8b465ee728b)  -> (artifact id: '567d9eef792ea39fd3dd45909e3ac381') in 0.016463 seconds 
  Import took 0.033611 seconds .

========================================================================
Received Import Request.
  Time since last request: 4.507712 seconds.
  path: Assets/FBX/Paintings/Paintings.fbx
  artifactKey: Guid(2db8aa738e7bc55449ca2d73c2081dbb) Importer(815301076,1909f56bfc062723c751e8b465ee728b)
Start importing Assets/FBX/Paintings/Paintings.fbx using Guid(2db8aa738e7bc55449ca2d73c2081dbb) Importer(815301076,1909f56bfc062723c751e8b465ee728b)  -> (artifact id: 'c7d5e56dfc88b627fed625a786755067') in 0.087212 seconds 
  Import took 0.108543 seconds .

========================================================================
Received Import Request.
  Time since last request: 6.353905 seconds.
  path: Assets/FBX/Paintings/Textures
  artifactKey: Guid(55f75f62cb65ceb40b4eaf16c9e9ebb8) Importer(815301076,1909f56bfc062723c751e8b465ee728b)
Start importing Assets/FBX/Paintings/Textures using Guid(55f75f62cb65ceb40b4eaf16c9e9ebb8) Importer(815301076,1909f56bfc062723c751e8b465ee728b)  -> (artifact id: '18c7300de449e9d48b19626772f69bee') in 0.028670 seconds 
  Import took 0.052843 seconds .

========================================================================
Received Import Request.
  Time since last request: 5.376697 seconds.
  path: Assets/FBX/Paintings/Textures/01.jpg
  artifactKey: Guid(5fd9587b29bf7424593ae72dd556a2ea) Importer(815301076,1909f56bfc062723c751e8b465ee728b)
Start importing Assets/FBX/Paintings/Textures/01.jpg using Guid(5fd9587b29bf7424593ae72dd556a2ea) Importer(815301076,1909f56bfc062723c751e8b465ee728b)  -> (artifact id: '826333c08753eb5ec61ce9daa7848a10') in 0.104363 seconds 
  Import took 0.123265 seconds .

========================================================================
Received Import Request.
  Time since last request: 0.000412 seconds.
  path: Assets/FBX/Paintings/Textures/04.jpg
  artifactKey: Guid(0eaa4d27853747145bde9085ad71f9b3) Importer(815301076,1909f56bfc062723c751e8b465ee728b)
Start importing Assets/FBX/Paintings/Textures/04.jpg using Guid(0eaa4d27853747145bde9085ad71f9b3) Importer(815301076,1909f56bfc062723c751e8b465ee728b)  -> (artifact id: '8d9ba3490462619dc77f23bf9d5a2048') in 0.027817 seconds 
  Import took 0.036046 seconds .

========================================================================
Received Import Request.
  Time since last request: 0.000389 seconds.
  path: Assets/FBX/Paintings/Textures/03.jpg
  artifactKey: Guid(861ce812355e9124198dd27e0ab15f33) Importer(815301076,1909f56bfc062723c751e8b465ee728b)
Start importing Assets/FBX/Paintings/Textures/03.jpg using Guid(861ce812355e9124198dd27e0ab15f33) Importer(815301076,1909f56bfc062723c751e8b465ee728b)  -> (artifact id: 'c5e1e4f818964e8ce4923fe96a15984a') in 0.026163 seconds 
  Import took 0.035876 seconds .

========================================================================
Received Import Request.
  Time since last request: 0.000309 seconds.
  path: Assets/FBX/Paintings/Textures/Wood.jpg
  artifactKey: Guid(1682c2e8bbbeea447a1e559120b6fcf2) Importer(815301076,1909f56bfc062723c751e8b465ee728b)
Start importing Assets/FBX/Paintings/Textures/Wood.jpg using Guid(1682c2e8bbbeea447a1e559120b6fcf2) Importer(815301076,1909f56bfc062723c751e8b465ee728b)  -> (artifact id: '4dd6e54285fb6129179ee9c69a16713a') in 0.028853 seconds 
  Import took 0.043425 seconds .

========================================================================
Received Import Request.
  Time since last request: 0.000846 seconds.
  path: Assets/FBX/Paintings/Textures/02.jpg
  artifactKey: Guid(85211cd8b7732474eae33902b154b4c9) Importer(815301076,1909f56bfc062723c751e8b465ee728b)
Start importing Assets/FBX/Paintings/Textures/02.jpg using Guid(85211cd8b7732474eae33902b154b4c9) Importer(815301076,1909f56bfc062723c751e8b465ee728b)  -> (artifact id: '058fcf6a1c8619180cc91b5d0456c4c2') in 0.026338 seconds 
  Import took 0.037571 seconds .

========================================================================
Received Import Request.
  Time since last request: 5.915288 seconds.
  path: Assets/FBX/House Layout/Textures/Basement Door.jpg
  artifactKey: Guid(6220c8b10d37ef7448e8a7c966e696ec) Importer(815301076,1909f56bfc062723c751e8b465ee728b)
Start importing Assets/FBX/House Layout/Textures/Basement Door.jpg using Guid(6220c8b10d37ef7448e8a7c966e696ec) Importer(815301076,1909f56bfc062723c751e8b465ee728b)  -> (artifact id: '1b56f517b4821f7240565d6610c2d499') in 0.051374 seconds 
  Import took 0.073898 seconds .

========================================================================
Received Import Request.
  Time since last request: 0.000260 seconds.
  path: Assets/FBX/House Layout/Textures/Bedroom Door.jpg
  artifactKey: Guid(19f262a0be426154d9081982f0f78714) Importer(815301076,1909f56bfc062723c751e8b465ee728b)
Start importing Assets/FBX/House Layout/Textures/Bedroom Door.jpg using Guid(19f262a0be426154d9081982f0f78714) Importer(815301076,1909f56bfc062723c751e8b465ee728b)  -> (artifact id: 'bca70cabd33bec003f1c669793ea5283') in 0.030143 seconds 
  Import took 0.058814 seconds .

========================================================================
Received Import Request.
  Time since last request: 0.000411 seconds.
  path: Assets/FBX/House Layout/Textures/Bathroom Floor.jpg
  artifactKey: Guid(49d24d59098adbc41ae190f786c22761) Importer(815301076,1909f56bfc062723c751e8b465ee728b)
Start importing Assets/FBX/House Layout/Textures/Bathroom Floor.jpg using Guid(49d24d59098adbc41ae190f786c22761) Importer(815301076,1909f56bfc062723c751e8b465ee728b)  -> (artifact id: 'ea84507344b1080fa50ed9aae60d43b7') in 0.064622 seconds 
  Import took 0.091155 seconds .

========================================================================
Received Import Request.
  Time since last request: 0.000374 seconds.
  path: Assets/FBX/House Layout/Textures/Bedroom Floor.jpg
  artifactKey: Guid(8d7f9284d801441439b85c5060b5e79e) Importer(815301076,1909f56bfc062723c751e8b465ee728b)
Start importing Assets/FBX/House Layout/Textures/Bedroom Floor.jpg using Guid(8d7f9284d801441439b85c5060b5e79e) Importer(815301076,1909f56bfc062723c751e8b465ee728b)  -> (artifact id: 'cd2f630571a586ab974fe03c8140a735') in 0.036338 seconds 
  Import took 0.051587 seconds .

========================================================================
Received Import Request.
  Time since last request: 0.000309 seconds.
  path: Assets/FBX/House Layout/Textures/Bathroom Walls.jpg
  artifactKey: Guid(9893e8b01f194724bbf157c5e79703f4) Importer(815301076,1909f56bfc062723c751e8b465ee728b)
Start importing Assets/FBX/House Layout/Textures/Bathroom Walls.jpg using Guid(9893e8b01f194724bbf157c5e79703f4) Importer(815301076,1909f56bfc062723c751e8b465ee728b)  -> (artifact id: '1800d728869270a560cb073dd3d0b312') in 0.021050 seconds 
  Import took 0.031165 seconds .

========================================================================
Received Import Request.
  Time since last request: 0.000277 seconds.
  path: Assets/FBX/House Layout/Textures/Bedroom wallpaper.jpg
  artifactKey: Guid(fe09cb5d3f255bb429572d080444bfc5) Importer(815301076,1909f56bfc062723c751e8b465ee728b)
Start importing Assets/FBX/House Layout/Textures/Bedroom wallpaper.jpg using Guid(fe09cb5d3f255bb429572d080444bfc5) Importer(815301076,1909f56bfc062723c751e8b465ee728b)  -> (artifact id: 'b8a4a78ce04da45ff3341935efbf5bd5') in 0.041690 seconds 
  Import took 0.065602 seconds .

========================================================================
Received Import Request.
  Time since last request: 0.000270 seconds.
  path: Assets/FBX/House Layout/Textures/Bedroom Ceiling.jpg
  artifactKey: Guid(b28a3b073cd095b45bae7339531921e7) Importer(815301076,1909f56bfc062723c751e8b465ee728b)
Start importing Assets/FBX/House Layout/Textures/Bedroom Ceiling.jpg using Guid(b28a3b073cd095b45bae7339531921e7) Importer(815301076,1909f56bfc062723c751e8b465ee728b)  -> (artifact id: '568730e2b5cd8f34c3a75e9f9d132581') in 0.059305 seconds 
  Import took 0.066017 seconds .

========================================================================
Received Import Request.
  Time since last request: 21.115872 seconds.
  path: Assets/FBX/Paintings/Textures/04.jpg
  artifactKey: Guid(0eaa4d27853747145bde9085ad71f9b3) Importer(815301076,1909f56bfc062723c751e8b465ee728b)
Start importing Assets/FBX/Paintings/Textures/04.jpg using Guid(0eaa4d27853747145bde9085ad71f9b3) Importer(815301076,1909f56bfc062723c751e8b465ee728b)  -> (artifact id: 'e7110ae7a5f481e62d7e028cea4cd8a4') in 0.021093 seconds 
  Import took 0.028603 seconds .

========================================================================
Received Import Request.
  Time since last request: 0.009919 seconds.
  path: Assets/FBX/Paintings/Textures/01.jpg
  artifactKey: Guid(5fd9587b29bf7424593ae72dd556a2ea) Importer(815301076,1909f56bfc062723c751e8b465ee728b)
Start importing Assets/FBX/Paintings/Textures/01.jpg using Guid(5fd9587b29bf7424593ae72dd556a2ea) Importer(815301076,1909f56bfc062723c751e8b465ee728b)  -> (artifact id: '26dc444449ce2d9d06888b1a278bd01e') in 0.035094 seconds 
  Import took 0.043839 seconds .

========================================================================
Received Import Request.
  Time since last request: 0.000365 seconds.
  path: Assets/FBX/Paintings/Textures/03.jpg
  artifactKey: Guid(861ce812355e9124198dd27e0ab15f33) Importer(815301076,1909f56bfc062723c751e8b465ee728b)
Start importing Assets/FBX/Paintings/Textures/03.jpg using Guid(861ce812355e9124198dd27e0ab15f33) Importer(815301076,1909f56bfc062723c751e8b465ee728b)  -> (artifact id: 'd773324c6bc5a620752989ee6af8f582') in 0.042928 seconds 
  Import took 0.059321 seconds .

========================================================================
Received Import Request.
  Time since last request: 0.000289 seconds.
  path: Assets/FBX/Paintings/Textures/Wood.jpg
  artifactKey: Guid(1682c2e8bbbeea447a1e559120b6fcf2) Importer(815301076,1909f56bfc062723c751e8b465ee728b)
Start importing Assets/FBX/Paintings/Textures/Wood.jpg using Guid(1682c2e8bbbeea447a1e559120b6fcf2) Importer(815301076,1909f56bfc062723c751e8b465ee728b)  -> (artifact id: '91e1586599e0816f47d3aefe11588ae8') in 0.039568 seconds 
  Import took 0.050514 seconds .

========================================================================
Received Import Request.
  Time since last request: 0.000310 seconds.
  path: Assets/FBX/Paintings/Textures/02.jpg
  artifactKey: Guid(85211cd8b7732474eae33902b154b4c9) Importer(815301076,1909f56bfc062723c751e8b465ee728b)
Start importing Assets/FBX/Paintings/Textures/02.jpg using Guid(85211cd8b7732474eae33902b154b4c9) Importer(815301076,1909f56bfc062723c751e8b465ee728b)  -> (artifact id: 'f3fa8b29bd1154cb26ed6059dd355f0c') in 0.027549 seconds 
  Import took 0.035558 seconds .

========================================================================
Received Import Request.
  Time since last request: 15.278344 seconds.
  path: Assets/FBX/Paintings/Materials/Painting01.mat
  artifactKey: Guid(8b4b29f6c0d9ea449bf3979105685266) Importer(815301076,1909f56bfc062723c751e8b465ee728b)
Start importing Assets/FBX/Paintings/Materials/Painting01.mat using Guid(8b4b29f6c0d9ea449bf3979105685266) Importer(815301076,1909f56bfc062723c751e8b465ee728b)  -> (artifact id: '5057b7feed9c6febee4b3e1776336dbb') in 0.098961 seconds 
  Import took 0.131341 seconds .

========================================================================
Received Import Request.
  Time since last request: 0.000816 seconds.
  path: Assets/FBX/Paintings/Materials/Painting04.mat
  artifactKey: Guid(cbdc03444d252834bb49716fcc771e19) Importer(815301076,1909f56bfc062723c751e8b465ee728b)
Start importing Assets/FBX/Paintings/Materials/Painting04.mat using Guid(cbdc03444d252834bb49716fcc771e19) Importer(815301076,1909f56bfc062723c751e8b465ee728b)  -> (artifact id: '9c660e1756456bfc6158b6928a6d651f') in 0.046411 seconds 
  Import took 0.057442 seconds .

========================================================================
Received Import Request.
  Time since last request: 0.000425 seconds.
  path: Assets/FBX/Paintings/Materials/Wood.mat
  artifactKey: Guid(46b364e0832b38848bc80c0a898d0b87) Importer(815301076,1909f56bfc062723c751e8b465ee728b)
Start importing Assets/FBX/Paintings/Materials/Wood.mat using Guid(46b364e0832b38848bc80c0a898d0b87) Importer(815301076,1909f56bfc062723c751e8b465ee728b)  -> (artifact id: 'ed805a28d96699ccf81449e2e4c957ad') in 0.022265 seconds 
  Import took 0.036492 seconds .

========================================================================
Received Import Request.
  Time since last request: 0.000338 seconds.
  path: Assets/FBX/Paintings/Materials/Painting02.mat
  artifactKey: Guid(c7bcde9d9d5744e49a99440a3f202167) Importer(815301076,1909f56bfc062723c751e8b465ee728b)
Start importing Assets/FBX/Paintings/Materials/Painting02.mat using Guid(c7bcde9d9d5744e49a99440a3f202167) Importer(815301076,1909f56bfc062723c751e8b465ee728b)  -> (artifact id: 'e618a4f1fe64eed5f22ccea8b057d4cc') in 0.034356 seconds 
  Import took 0.075126 seconds .

========================================================================
Received Import Request.
  Time since last request: 0.000348 seconds.
  path: Assets/FBX/Paintings/Materials/Painting03.mat
  artifactKey: Guid(a58143d2d76777a4395c23a1f30e3325) Importer(815301076,1909f56bfc062723c751e8b465ee728b)
Start importing Assets/FBX/Paintings/Materials/Painting03.mat using Guid(a58143d2d76777a4395c23a1f30e3325) Importer(815301076,1909f56bfc062723c751e8b465ee728b)  -> (artifact id: '596244ced6d9f52e80794d095b17934e') in 0.052021 seconds 
  Import took 0.073567 seconds .

========================================================================
Received Import Request.
  Time since last request: 34.381286 seconds.
  path: Assets/FBX/Paintings/Materials/Painting01.mat
  artifactKey: Guid(8b4b29f6c0d9ea449bf3979105685266) Importer(815301076,1909f56bfc062723c751e8b465ee728b)
Start importing Assets/FBX/Paintings/Materials/Painting01.mat using Guid(8b4b29f6c0d9ea449bf3979105685266) Importer(815301076,1909f56bfc062723c751e8b465ee728b)  -> (artifact id: 'b001bc924461365724fc05de23fa8fc8') in 0.039199 seconds 
  Import took 0.047244 seconds .

========================================================================
Received Import Request.
  Time since last request: 0.000348 seconds.
  path: Assets/FBX/Paintings/Materials/Painting04.mat
  artifactKey: Guid(cbdc03444d252834bb49716fcc771e19) Importer(815301076,1909f56bfc062723c751e8b465ee728b)
Start importing Assets/FBX/Paintings/Materials/Painting04.mat using Guid(cbdc03444d252834bb49716fcc771e19) Importer(815301076,1909f56bfc062723c751e8b465ee728b)  -> (artifact id: '10dca8c51aff6bbc592bfdc0aedeae9e') in 0.057530 seconds 
  Import took 0.071036 seconds .

========================================================================
Received Import Request.
  Time since last request: 0.000321 seconds.
  path: Assets/FBX/Paintings/Materials/Wood.mat
  artifactKey: Guid(46b364e0832b38848bc80c0a898d0b87) Importer(815301076,1909f56bfc062723c751e8b465ee728b)
Start importing Assets/FBX/Paintings/Materials/Wood.mat using Guid(46b364e0832b38848bc80c0a898d0b87) Importer(815301076,1909f56bfc062723c751e8b465ee728b)  -> (artifact id: 'cc7a740bd2407742f586ef2a2afce927') in 0.028140 seconds 
  Import took 0.041629 seconds .

========================================================================
Received Import Request.
  Time since last request: 0.000741 seconds.
  path: Assets/FBX/Paintings/Materials/Painting02.mat
  artifactKey: Guid(c7bcde9d9d5744e49a99440a3f202167) Importer(815301076,1909f56bfc062723c751e8b465ee728b)
Start importing Assets/FBX/Paintings/Materials/Painting02.mat using Guid(c7bcde9d9d5744e49a99440a3f202167) Importer(815301076,1909f56bfc062723c751e8b465ee728b)  -> (artifact id: '241058035f0832ea6d65b8c0a316af38') in 0.029152 seconds 
  Import took 0.038052 seconds .

========================================================================
Received Import Request.
  Time since last request: 0.000302 seconds.
  path: Assets/FBX/Paintings/Materials/Painting03.mat
  artifactKey: Guid(a58143d2d76777a4395c23a1f30e3325) Importer(815301076,1909f56bfc062723c751e8b465ee728b)
Start importing Assets/FBX/Paintings/Materials/Painting03.mat using Guid(a58143d2d76777a4395c23a1f30e3325) Importer(815301076,1909f56bfc062723c751e8b465ee728b)  -> (artifact id: '2f40d5722c277dddacbdc37b96bf1e70') in 0.029817 seconds 
  Import took 0.046302 seconds .

========================================================================
Received Import Request.
  Time since last request: 32.247792 seconds.
  path: Assets/Prefabs/Painting Container.prefab
  artifactKey: Guid(d6ec0f71c8cece14eb3cc08e3ee22f06) Importer(815301076,1909f56bfc062723c751e8b465ee728b)
Start importing Assets/Prefabs/Painting Container.prefab using Guid(d6ec0f71c8cece14eb3cc08e3ee22f06) Importer(815301076,1909f56bfc062723c751e8b465ee728b)  -> (artifact id: '772c42b0ea76ecee50f89ded41d7e9b4') in 0.050299 seconds 
  Import took 0.065609 seconds .

========================================================================
Received Import Request.
  Time since last request: 389.612188 seconds.
  path: Assets/PSX/PSX Volume.asset
  artifactKey: Guid(5887ba8d97716a643bba8f150fe21965) Importer(815301076,1909f56bfc062723c751e8b465ee728b)
Start importing Assets/PSX/PSX Volume.asset using Guid(5887ba8d97716a643bba8f150fe21965) Importer(815301076,1909f56bfc062723c751e8b465ee728b)  -> (artifact id: 'e1b00e30d4ed1f3a0bf818e4840237e2') in 0.006373 seconds 
  Import took 0.021918 seconds .

========================================================================
Received Prepare
Registering precompiled user dll's ...
Registered in 0.006012 seconds.
Begin MonoManager ReloadAssembly
Native extension for WindowsStandalone target not found
Refreshing native plugins compatible for Editor in 0.87 ms, found 2 plugins.
Preloading 0 native plugins for Editor in 0.00 ms.
Mono: successfully reloaded assembly
- Completed reload, in  1.622 seconds
Domain Reload Profiling:
	ReloadAssembly (1622ms)
		BeginReloadAssembly (167ms)
			ExecutionOrderSort (0ms)
			DisableScriptedObjects (10ms)
			BackupInstance (0ms)
			ReleaseScriptingObjects (0ms)
			CreateAndSetChildDomain (60ms)
		EndReloadAssembly (1372ms)
			LoadAssemblies (122ms)
			RebuildTransferFunctionScriptingTraits (0ms)
			SetupTypeCache (480ms)
			ReleaseScriptCaches (2ms)
			RebuildScriptCaches (72ms)
			SetupLoadedEditorAssemblies (473ms)
				LogAssemblyErrors (0ms)
				InitializePlatformSupportModulesInManaged (6ms)
				SetLoadedEditorAssemblies (1ms)
				RefreshPlugins (1ms)
				BeforeProcessingInitializeOnLoad (119ms)
				ProcessInitializeOnLoadAttributes (329ms)
				ProcessInitializeOnLoadMethodAttributes (13ms)
				AfterProcessingInitializeOnLoad (3ms)
				EditorAssembliesLoaded (0ms)
			ExecutionOrderSort2 (0ms)
			AwakeInstancesAfterBackupRestoration (22ms)
Platform modules already initialized, skipping
Refreshing native plugins compatible for Editor in 2.73 ms, found 2 plugins.
Preloading 0 native plugins for Editor in 0.00 ms.
Unloading 2684 Unused Serialized files (Serialized files now loaded: 0)
System memory in use before: 124.7 MB.
System memory in use after: 124.9 MB.

Unloading 15 unused Assets to reduce memory usage. Loaded Objects now: 3322.
Total: 4.552100 ms (FindLiveObjects: 0.294500 ms CreateObjectMapping: 0.131500 ms MarkObjects: 4.090600 ms  DeleteObjects: 0.033400 ms)

AssetImportParameters requested are different than current active one (requested -> active):
  custom:framework-win-MediaFoundation: 216162199b28c13a410421893ffa2e32 -> 
  custom:video-decoder-ogg-theora: a1e56fd34408186e4bbccfd4996cb3dc -> 
  custom:container-muxer-webm: aa71ff27fc2769a1b78a27578f13a17b -> 
  custom:container-demuxer-webm: 4f35f7cbe854078d1ac9338744f61a02 -> 
  custom:container-demuxer-ogg: 62fdf1f143b41e24485cea50d1cbac27 -> 
  custom:video-encoder-webm-vp8: eb34c28f22e8b96e1ab97ce403110664 -> 
  custom:video-decoder-webm-vp8: 9c59270c3fd7afecdb556c50c9e8de78 -> 
  custom:audio-decoder-ogg-vorbis: bf7c407c2cedff20999df2af8eb42d56 -> 
  custom:audio-encoder-webm-vorbis: bf7c407c2cedff20999df2af8eb42d56 -> 
========================================================================
Received Prepare
Registering precompiled user dll's ...
Registered in 0.004885 seconds.
Begin MonoManager ReloadAssembly
Native extension for WindowsStandalone target not found
Refreshing native plugins compatible for Editor in 0.74 ms, found 2 plugins.
Preloading 0 native plugins for Editor in 0.00 ms.
Mono: successfully reloaded assembly
- Completed reload, in  1.636 seconds
Domain Reload Profiling:
	ReloadAssembly (1636ms)
		BeginReloadAssembly (143ms)
			ExecutionOrderSort (0ms)
			DisableScriptedObjects (7ms)
			BackupInstance (0ms)
			ReleaseScriptingObjects (0ms)
			CreateAndSetChildDomain (49ms)
		EndReloadAssembly (1401ms)
			LoadAssemblies (122ms)
			RebuildTransferFunctionScriptingTraits (0ms)
			SetupTypeCache (473ms)
			ReleaseScriptCaches (2ms)
			RebuildScriptCaches (70ms)
			SetupLoadedEditorAssemblies (512ms)
				LogAssemblyErrors (0ms)
				InitializePlatformSupportModulesInManaged (6ms)
				SetLoadedEditorAssemblies (1ms)
				RefreshPlugins (1ms)
				BeforeProcessingInitializeOnLoad (114ms)
				ProcessInitializeOnLoadAttributes (374ms)
				ProcessInitializeOnLoadMethodAttributes (12ms)
				AfterProcessingInitializeOnLoad (3ms)
				EditorAssembliesLoaded (0ms)
			ExecutionOrderSort2 (0ms)
			AwakeInstancesAfterBackupRestoration (24ms)
Platform modules already initialized, skipping
Refreshing native plugins compatible for Editor in 1.16 ms, found 2 plugins.
Preloading 0 native plugins for Editor in 0.00 ms.
Unloading 2684 Unused Serialized files (Serialized files now loaded: 0)
System memory in use before: 124.7 MB.
System memory in use after: 124.9 MB.

Unloading 15 unused Assets to reduce memory usage. Loaded Objects now: 3324.
Total: 4.633800 ms (FindLiveObjects: 0.305200 ms CreateObjectMapping: 0.138300 ms MarkObjects: 4.159000 ms  DeleteObjects: 0.028800 ms)

AssetImportParameters requested are different than current active one (requested -> active):
  custom:framework-win-MediaFoundation: 216162199b28c13a410421893ffa2e32 -> 
  custom:video-decoder-ogg-theora: a1e56fd34408186e4bbccfd4996cb3dc -> 
  custom:container-muxer-webm: aa71ff27fc2769a1b78a27578f13a17b -> 
  custom:container-demuxer-webm: 4f35f7cbe854078d1ac9338744f61a02 -> 
  custom:container-demuxer-ogg: 62fdf1f143b41e24485cea50d1cbac27 -> 
  custom:video-encoder-webm-vp8: eb34c28f22e8b96e1ab97ce403110664 -> 
  custom:video-decoder-webm-vp8: 9c59270c3fd7afecdb556c50c9e8de78 -> 
  custom:audio-decoder-ogg-vorbis: bf7c407c2cedff20999df2af8eb42d56 -> 
  custom:audio-encoder-webm-vorbis: bf7c407c2cedff20999df2af8eb42d56 -> 
========================================================================
Received Prepare
Registering precompiled user dll's ...
Registered in 0.004746 seconds.
Begin MonoManager ReloadAssembly
Native extension for WindowsStandalone target not found
Refreshing native plugins compatible for Editor in 0.69 ms, found 2 plugins.
Preloading 0 native plugins for Editor in 0.00 ms.
Mono: successfully reloaded assembly
- Completed reload, in  1.624 seconds
Domain Reload Profiling:
	ReloadAssembly (1625ms)
		BeginReloadAssembly (167ms)
			ExecutionOrderSort (0ms)
			DisableScriptedObjects (7ms)
			BackupInstance (0ms)
			ReleaseScriptingObjects (0ms)
			CreateAndSetChildDomain (59ms)
		EndReloadAssembly (1370ms)
			LoadAssemblies (128ms)
			RebuildTransferFunctionScriptingTraits (0ms)
			SetupTypeCache (454ms)
			ReleaseScriptCaches (1ms)
			RebuildScriptCaches (67ms)
			SetupLoadedEditorAssemblies (514ms)
				LogAssemblyErrors (0ms)
				InitializePlatformSupportModulesInManaged (5ms)
				SetLoadedEditorAssemblies (1ms)
				RefreshPlugins (1ms)
				BeforeProcessingInitializeOnLoad (112ms)
				ProcessInitializeOnLoadAttributes (374ms)
				ProcessInitializeOnLoadMethodAttributes (17ms)
				AfterProcessingInitializeOnLoad (4ms)
				EditorAssembliesLoaded (0ms)
			ExecutionOrderSort2 (0ms)
			AwakeInstancesAfterBackupRestoration (22ms)
Platform modules already initialized, skipping
Refreshing native plugins compatible for Editor in 8.34 ms, found 2 plugins.
Preloading 0 native plugins for Editor in 0.00 ms.
Unloading 2684 Unused Serialized files (Serialized files now loaded: 0)
System memory in use before: 124.7 MB.
System memory in use after: 124.9 MB.

Unloading 15 unused Assets to reduce memory usage. Loaded Objects now: 3326.
Total: 6.026700 ms (FindLiveObjects: 0.704700 ms CreateObjectMapping: 0.249600 ms MarkObjects: 5.037100 ms  DeleteObjects: 0.031500 ms)

AssetImportParameters requested are different than current active one (requested -> active):
  custom:framework-win-MediaFoundation: 216162199b28c13a410421893ffa2e32 -> 
  custom:video-decoder-ogg-theora: a1e56fd34408186e4bbccfd4996cb3dc -> 
  custom:container-muxer-webm: aa71ff27fc2769a1b78a27578f13a17b -> 
  custom:container-demuxer-webm: 4f35f7cbe854078d1ac9338744f61a02 -> 
  custom:container-demuxer-ogg: 62fdf1f143b41e24485cea50d1cbac27 -> 
  custom:video-encoder-webm-vp8: eb34c28f22e8b96e1ab97ce403110664 -> 
  custom:video-decoder-webm-vp8: 9c59270c3fd7afecdb556c50c9e8de78 -> 
  custom:audio-decoder-ogg-vorbis: bf7c407c2cedff20999df2af8eb42d56 -> 
  custom:audio-encoder-webm-vorbis: bf7c407c2cedff20999df2af8eb42d56 -> 
========================================================================
Received Prepare
Registering precompiled user dll's ...
Registered in 0.007365 seconds.
Begin MonoManager ReloadAssembly
Native extension for WindowsStandalone target not found
Refreshing native plugins compatible for Editor in 0.71 ms, found 2 plugins.
Preloading 0 native plugins for Editor in 0.00 ms.
Mono: successfully reloaded assembly
- Completed reload, in  1.686 seconds
Domain Reload Profiling:
	ReloadAssembly (1687ms)
		BeginReloadAssembly (149ms)
			ExecutionOrderSort (0ms)
			DisableScriptedObjects (7ms)
			BackupInstance (0ms)
			ReleaseScriptingObjects (0ms)
			CreateAndSetChildDomain (47ms)
		EndReloadAssembly (1448ms)
			LoadAssemblies (158ms)
			RebuildTransferFunctionScriptingTraits (0ms)
			SetupTypeCache (513ms)
			ReleaseScriptCaches (2ms)
			RebuildScriptCaches (65ms)
			SetupLoadedEditorAssemblies (494ms)
				LogAssemblyErrors (0ms)
				InitializePlatformSupportModulesInManaged (6ms)
				SetLoadedEditorAssemblies (1ms)
				RefreshPlugins (1ms)
				BeforeProcessingInitializeOnLoad (125ms)
				ProcessInitializeOnLoadAttributes (343ms)
				ProcessInitializeOnLoadMethodAttributes (15ms)
				AfterProcessingInitializeOnLoad (4ms)
				EditorAssembliesLoaded (0ms)
			ExecutionOrderSort2 (0ms)
			AwakeInstancesAfterBackupRestoration (22ms)
Platform modules already initialized, skipping
Refreshing native plugins compatible for Editor in 2.55 ms, found 2 plugins.
Preloading 0 native plugins for Editor in 0.00 ms.
Unloading 2684 Unused Serialized files (Serialized files now loaded: 0)
System memory in use before: 124.7 MB.
System memory in use after: 124.9 MB.

Unloading 15 unused Assets to reduce memory usage. Loaded Objects now: 3328.
Total: 4.537400 ms (FindLiveObjects: 0.309700 ms CreateObjectMapping: 0.165500 ms MarkObjects: 4.034000 ms  DeleteObjects: 0.026500 ms)

AssetImportParameters requested are different than current active one (requested -> active):
  custom:framework-win-MediaFoundation: 216162199b28c13a410421893ffa2e32 -> 
  custom:video-decoder-ogg-theora: a1e56fd34408186e4bbccfd4996cb3dc -> 
  custom:container-muxer-webm: aa71ff27fc2769a1b78a27578f13a17b -> 
  custom:container-demuxer-webm: 4f35f7cbe854078d1ac9338744f61a02 -> 
  custom:container-demuxer-ogg: 62fdf1f143b41e24485cea50d1cbac27 -> 
  custom:video-encoder-webm-vp8: eb34c28f22e8b96e1ab97ce403110664 -> 
  custom:video-decoder-webm-vp8: 9c59270c3fd7afecdb556c50c9e8de78 -> 
  custom:audio-decoder-ogg-vorbis: bf7c407c2cedff20999df2af8eb42d56 -> 
  custom:audio-encoder-webm-vorbis: bf7c407c2cedff20999df2af8eb42d56 -> 
========================================================================
Received Import Request.
  Time since last request: 581.288333 seconds.
  path: Assets/FBX/Paintings/Textures/04.jpg
  artifactKey: Guid(0eaa4d27853747145bde9085ad71f9b3) Importer(815301076,1909f56bfc062723c751e8b465ee728b)
Start importing Assets/FBX/Paintings/Textures/04.jpg using Guid(0eaa4d27853747145bde9085ad71f9b3) Importer(815301076,1909f56bfc062723c751e8b465ee728b)  -> (artifact id: '29b46e7d593c9c33bdf87ca71c22f840') in 0.078976 seconds 
  Import took 0.086325 seconds .

========================================================================
Received Import Request.
  Time since last request: 0.000279 seconds.
  path: Assets/FBX/Paintings/Textures/03.jpg
  artifactKey: Guid(861ce812355e9124198dd27e0ab15f33) Importer(815301076,1909f56bfc062723c751e8b465ee728b)
Start importing Assets/FBX/Paintings/Textures/03.jpg using Guid(861ce812355e9124198dd27e0ab15f33) Importer(815301076,1909f56bfc062723c751e8b465ee728b)  -> (artifact id: '48a78387f57c66f2c4eabaaf3caa2052') in 0.025659 seconds 
  Import took 0.034730 seconds .

========================================================================
Received Import Request.
  Time since last request: 0.000359 seconds.
  path: Assets/FBX/Paintings/Textures/01.jpg
  artifactKey: Guid(5fd9587b29bf7424593ae72dd556a2ea) Importer(815301076,1909f56bfc062723c751e8b465ee728b)
Start importing Assets/FBX/Paintings/Textures/01.jpg using Guid(5fd9587b29bf7424593ae72dd556a2ea) Importer(815301076,1909f56bfc062723c751e8b465ee728b)  -> (artifact id: 'c71ea00714f0a37d62ccb89c72dbf9eb') in 0.026963 seconds 
  Import took 0.037698 seconds .

========================================================================
Received Import Request.
  Time since last request: 0.000449 seconds.
  path: Assets/FBX/Paintings/Textures/Wood.jpg
  artifactKey: Guid(1682c2e8bbbeea447a1e559120b6fcf2) Importer(815301076,1909f56bfc062723c751e8b465ee728b)
Start importing Assets/FBX/Paintings/Textures/Wood.jpg using Guid(1682c2e8bbbeea447a1e559120b6fcf2) Importer(815301076,1909f56bfc062723c751e8b465ee728b)  -> (artifact id: 'd9968af6d381284e0bc45128b11fd183') in 0.027156 seconds 
  Import took 0.038059 seconds .

========================================================================
Received Import Request.
  Time since last request: 0.000300 seconds.
  path: Assets/FBX/Paintings/Textures/02.jpg
  artifactKey: Guid(85211cd8b7732474eae33902b154b4c9) Importer(815301076,1909f56bfc062723c751e8b465ee728b)
Start importing Assets/FBX/Paintings/Textures/02.jpg using Guid(85211cd8b7732474eae33902b154b4c9) Importer(815301076,1909f56bfc062723c751e8b465ee728b)  -> (artifact id: '89d228ec3ffba9709fcb57edcbc262fe') in 0.022854 seconds 
  Import took 0.031156 seconds .

========================================================================
Received Prepare
Registering precompiled user dll's ...
Registered in 0.007787 seconds.
Begin MonoManager ReloadAssembly
Native extension for WindowsStandalone target not found
Refreshing native plugins compatible for Editor in 0.76 ms, found 2 plugins.
Preloading 0 native plugins for Editor in 0.00 ms.
Mono: successfully reloaded assembly
- Completed reload, in  1.777 seconds
Domain Reload Profiling:
	ReloadAssembly (1778ms)
		BeginReloadAssembly (176ms)
			ExecutionOrderSort (0ms)
			DisableScriptedObjects (7ms)
			BackupInstance (0ms)
			ReleaseScriptingObjects (0ms)
			CreateAndSetChildDomain (61ms)
		EndReloadAssembly (1497ms)
			LoadAssemblies (153ms)
			RebuildTransferFunctionScriptingTraits (0ms)
			SetupTypeCache (558ms)
			ReleaseScriptCaches (2ms)
			RebuildScriptCaches (67ms)
			SetupLoadedEditorAssemblies (517ms)
				LogAssemblyErrors (0ms)
				InitializePlatformSupportModulesInManaged (6ms)
				SetLoadedEditorAssemblies (1ms)
				RefreshPlugins (1ms)
				BeforeProcessingInitializeOnLoad (115ms)
				ProcessInitializeOnLoadAttributes (375ms)
				ProcessInitializeOnLoadMethodAttributes (15ms)
				AfterProcessingInitializeOnLoad (4ms)
				EditorAssembliesLoaded (0ms)
			ExecutionOrderSort2 (0ms)
			AwakeInstancesAfterBackupRestoration (23ms)
Platform modules already initialized, skipping
Refreshing native plugins compatible for Editor in 1.11 ms, found 2 plugins.
Preloading 0 native plugins for Editor in 0.00 ms.
Unloading 2684 Unused Serialized files (Serialized files now loaded: 0)
System memory in use before: 124.7 MB.
System memory in use after: 124.9 MB.

Unloading 15 unused Assets to reduce memory usage. Loaded Objects now: 3330.
Total: 7.620500 ms (FindLiveObjects: 0.895000 ms CreateObjectMapping: 0.339300 ms MarkObjects: 6.351300 ms  DeleteObjects: 0.032500 ms)

AssetImportParameters requested are different than current active one (requested -> active):
  custom:framework-win-MediaFoundation: 216162199b28c13a410421893ffa2e32 -> 
  custom:video-decoder-ogg-theora: a1e56fd34408186e4bbccfd4996cb3dc -> 
  custom:container-muxer-webm: aa71ff27fc2769a1b78a27578f13a17b -> 
  custom:container-demuxer-webm: 4f35f7cbe854078d1ac9338744f61a02 -> 
  custom:container-demuxer-ogg: 62fdf1f143b41e24485cea50d1cbac27 -> 
  custom:video-encoder-webm-vp8: eb34c28f22e8b96e1ab97ce403110664 -> 
  custom:video-decoder-webm-vp8: 9c59270c3fd7afecdb556c50c9e8de78 -> 
  custom:audio-decoder-ogg-vorbis: bf7c407c2cedff20999df2af8eb42d56 -> 
  custom:audio-encoder-webm-vorbis: bf7c407c2cedff20999df2af8eb42d56 -> 
========================================================================
Received Prepare
Registering precompiled user dll's ...
Registered in 0.004677 seconds.
Begin MonoManager ReloadAssembly
Native extension for WindowsStandalone target not found
Refreshing native plugins compatible for Editor in 0.77 ms, found 2 plugins.
Preloading 0 native plugins for Editor in 0.00 ms.
Mono: successfully reloaded assembly
- Completed reload, in  1.734 seconds
Domain Reload Profiling:
	ReloadAssembly (1734ms)
		BeginReloadAssembly (143ms)
			ExecutionOrderSort (0ms)
			DisableScriptedObjects (8ms)
			BackupInstance (0ms)
			ReleaseScriptingObjects (0ms)
			CreateAndSetChildDomain (48ms)
		EndReloadAssembly (1509ms)
			LoadAssemblies (137ms)
			RebuildTransferFunctionScriptingTraits (0ms)
			SetupTypeCache (482ms)
			ReleaseScriptCaches (2ms)
			RebuildScriptCaches (88ms)
			SetupLoadedEditorAssemblies (542ms)
				LogAssemblyErrors (0ms)
				InitializePlatformSupportModulesInManaged (6ms)
				SetLoadedEditorAssemblies (1ms)
				RefreshPlugins (1ms)
				BeforeProcessingInitializeOnLoad (124ms)
				ProcessInitializeOnLoadAttributes (395ms)
				ProcessInitializeOnLoadMethodAttributes (13ms)
				AfterProcessingInitializeOnLoad (3ms)
				EditorAssembliesLoaded (0ms)
			ExecutionOrderSort2 (0ms)
			AwakeInstancesAfterBackupRestoration (22ms)
Platform modules already initialized, skipping
Refreshing native plugins compatible for Editor in 1.11 ms, found 2 plugins.
Preloading 0 native plugins for Editor in 0.00 ms.
Unloading 2684 Unused Serialized files (Serialized files now loaded: 0)
System memory in use before: 124.7 MB.
System memory in use after: 124.9 MB.

Unloading 15 unused Assets to reduce memory usage. Loaded Objects now: 3332.
Total: 4.492200 ms (FindLiveObjects: 0.320400 ms CreateObjectMapping: 0.145700 ms MarkObjects: 3.995800 ms  DeleteObjects: 0.028100 ms)

AssetImportParameters requested are different than current active one (requested -> active):
  custom:framework-win-MediaFoundation: 216162199b28c13a410421893ffa2e32 -> 
  custom:video-decoder-ogg-theora: a1e56fd34408186e4bbccfd4996cb3dc -> 
  custom:container-muxer-webm: aa71ff27fc2769a1b78a27578f13a17b -> 
  custom:container-demuxer-webm: 4f35f7cbe854078d1ac9338744f61a02 -> 
  custom:container-demuxer-ogg: 62fdf1f143b41e24485cea50d1cbac27 -> 
  custom:video-encoder-webm-vp8: eb34c28f22e8b96e1ab97ce403110664 -> 
  custom:video-decoder-webm-vp8: 9c59270c3fd7afecdb556c50c9e8de78 -> 
  custom:audio-decoder-ogg-vorbis: bf7c407c2cedff20999df2af8eb42d56 -> 
  custom:audio-encoder-webm-vorbis: bf7c407c2cedff20999df2af8eb42d56 -> 
========================================================================
Received Prepare
Registering precompiled user dll's ...
Registered in 0.005565 seconds.
Begin MonoManager ReloadAssembly
Native extension for WindowsStandalone target not found
Refreshing native plugins compatible for Editor in 0.78 ms, found 2 plugins.
Preloading 0 native plugins for Editor in 0.00 ms.
Mono: successfully reloaded assembly
- Completed reload, in  1.735 seconds
Domain Reload Profiling:
	ReloadAssembly (1736ms)
		BeginReloadAssembly (176ms)
			ExecutionOrderSort (0ms)
			DisableScriptedObjects (7ms)
			BackupInstance (0ms)
			ReleaseScriptingObjects (0ms)
			CreateAndSetChildDomain (62ms)
		EndReloadAssembly (1436ms)
			LoadAssemblies (135ms)
			RebuildTransferFunctionScriptingTraits (0ms)
			SetupTypeCache (453ms)
			ReleaseScriptCaches (2ms)
			RebuildScriptCaches (83ms)
			SetupLoadedEditorAssemblies (532ms)
				LogAssemblyErrors (0ms)
				InitializePlatformSupportModulesInManaged (6ms)
				SetLoadedEditorAssemblies (1ms)
				RefreshPlugins (1ms)
				BeforeProcessingInitializeOnLoad (123ms)
				ProcessInitializeOnLoadAttributes (382ms)
				ProcessInitializeOnLoadMethodAttributes (14ms)
				AfterProcessingInitializeOnLoad (5ms)
				EditorAssembliesLoaded (0ms)
			ExecutionOrderSort2 (0ms)
			AwakeInstancesAfterBackupRestoration (25ms)
Platform modules already initialized, skipping
Refreshing native plugins compatible for Editor in 2.20 ms, found 2 plugins.
Preloading 0 native plugins for Editor in 0.00 ms.
Unloading 2684 Unused Serialized files (Serialized files now loaded: 0)
System memory in use before: 124.7 MB.
System memory in use after: 124.9 MB.

Unloading 15 unused Assets to reduce memory usage. Loaded Objects now: 3334.
Total: 4.547600 ms (FindLiveObjects: 0.298200 ms CreateObjectMapping: 0.132200 ms MarkObjects: 4.087100 ms  DeleteObjects: 0.028200 ms)

AssetImportParameters requested are different than current active one (requested -> active):
  custom:framework-win-MediaFoundation: 216162199b28c13a410421893ffa2e32 -> 
  custom:video-decoder-ogg-theora: a1e56fd34408186e4bbccfd4996cb3dc -> 
  custom:container-muxer-webm: aa71ff27fc2769a1b78a27578f13a17b -> 
  custom:container-demuxer-webm: 4f35f7cbe854078d1ac9338744f61a02 -> 
  custom:container-demuxer-ogg: 62fdf1f143b41e24485cea50d1cbac27 -> 
  custom:video-encoder-webm-vp8: eb34c28f22e8b96e1ab97ce403110664 -> 
  custom:video-decoder-webm-vp8: 9c59270c3fd7afecdb556c50c9e8de78 -> 
  custom:audio-decoder-ogg-vorbis: bf7c407c2cedff20999df2af8eb42d56 -> 
  custom:audio-encoder-webm-vorbis: bf7c407c2cedff20999df2af8eb42d56 -> 
AssetImportWorkerClient::OnTransportError - code=2 error=End of file
